<?xml version="1.0" encoding="UTF-8"?>
<!-- Generated by org.testng.reporters.JUnitReportReporter -->
<testsuite hostname="LAPTOP-RIM8G626" failures="0" tests="2" name="POM_DDF_TestNG.SwagLabsLoginTest" time="0.550" errors="1" timestamp="2024-07-21T13:38:17 IST" skipped="1">
  <testcase classname="POM_DDF_TestNG.SwagLabsLoginTest" name="openBrowser" time="0.550">
    <error message="class org.apache.poi.xssf.usermodel.XSSFSheet cannot be cast to class org.apache.poi.sl.usermodel.Sheet (org.apache.poi.xssf.usermodel.XSSFSheet and org.apache.poi.sl.usermodel.Sheet are in unnamed module of loader &#039;app&#039;)" type="java.lang.ClassCastException">
      <![CDATA[java.lang.ClassCastException: class org.apache.poi.xssf.usermodel.XSSFSheet cannot be cast to class org.apache.poi.sl.usermodel.Sheet (org.apache.poi.xssf.usermodel.XSSFSheet and org.apache.poi.sl.usermodel.Sheet are in unnamed module of loader 'app')
at POM_DDF_TestNG.SwagLabsLoginTest.openBrowser(SwagLabsLoginTest.java:31)
at java.base/jdk.internal.reflect.DirectMethodHandleAccessor.invoke(DirectMethodHandleAccessor.java:104)
at java.base/java.lang.reflect.Method.invoke(Method.java:577)
at org.testng.internal.invokers.MethodInvocationHelper.invokeMethod(MethodInvocationHelper.java:141)
at org.testng.internal.invokers.MethodInvocationHelper.invokeMethodConsideringTimeout(MethodInvocationHelper.java:71)
at org.testng.internal.invokers.ConfigInvoker.invokeConfigurationMethod(ConfigInvoker.java:400)
at org.testng.internal.invokers.ConfigInvoker.invokeConfigurations(ConfigInvoker.java:333)
at org.testng.internal.invokers.TestMethodWorker.invokeBeforeClassMethods(TestMethodWorker.java:188)
at org.testng.internal.invokers.TestMethodWorker.run(TestMethodWorker.java:128)
at java.base/java.util.ArrayList.forEach(ArrayList.java:1511)
at org.testng.TestRunner.privateRun(TestRunner.java:739)
at org.testng.TestRunner.run(TestRunner.java:614)
at org.testng.SuiteRunner.runTest(SuiteRunner.java:421)
at org.testng.SuiteRunner.runSequentially(SuiteRunner.java:413)
at org.testng.SuiteRunner.privateRun(SuiteRunner.java:373)
at org.testng.SuiteRunner.run(SuiteRunner.java:312)
at org.testng.SuiteRunnerWorker.runSuite(SuiteRunnerWorker.java:52)
at org.testng.SuiteRunnerWorker.run(SuiteRunnerWorker.java:95)
at org.testng.TestNG.runSuitesSequentially(TestNG.java:1274)
at org.testng.TestNG.runSuitesLocally(TestNG.java:1208)
at org.testng.TestNG.runSuites(TestNG.java:1112)
at org.testng.TestNG.run(TestNG.java:1079)
at org.testng.remote.AbstractRemoteTestNG.run(AbstractRemoteTestNG.java:115)
at org.testng.remote.RemoteTestNG.initAndRun(RemoteTestNG.java:293)
at org.testng.remote.RemoteTestNG.main(RemoteTestNG.java:91)
]]>
    </error>
  </testcase> <!-- openBrowser -->
  <testcase classname="POM_DDF_TestNG.SwagLabsLoginTest" name="verifyLogo" time="0.000">
    <skipped/>
  </testcase> <!-- verifyLogo -->
</testsuite> <!-- POM_DDF_TestNG.SwagLabsLoginTest -->
